{
  "RSpec": {
    "coverage": {
      "/home/lewis/Repositories/Makers_Week_2/oyster_card/spec/oyster_card_spec.rb": [
        1,
        null,
        1,
        11,
        2,
        5,
        null,
        1,
        1,
        1,
        null,
        null,
        null,
        1,
        1,
        1,
        null,
        null,
        1,
        1,
        1,
        null,
        null,
        1,
        2,
        null,
        null,
        null,
        1,
        1,
        1,
        null,
        null,
        null,
        1,
        1,
        1,
        1,
        null,
        null,
        1,
        2,
        null,
        null,
        1,
        1,
        1,
        null,
        null,
        null,
        1,
        1,
        1,
        1,
        null,
        null,
        1,
        4,
        null,
        null,
        null,
        null,
        1,
        1,
        1,
        1,
        null,
        null,
        null,
        1,
        2,
        null,
        null,
        1,
        2,
        null,
        null,
        null
      ],
      "/home/lewis/Repositories/Makers_Week_2/oyster_card/lib/oystercard.rb": [
        1,
        null,
        1,
        null,
        1,
        1,
        null,
        1,
        11,
        11,
        11,
        null,
        null,
        1,
        2,
        1,
        null,
        null,
        1,
        3,
        null,
        null,
        1,
        4,
        3,
        3,
        null,
        null,
        1,
        2,
        2,
        null,
        null,
        null,
        1,
        null,
        1,
        2,
        null,
        null,
        1,
        4,
        null,
        null,
        1,
        2,
        null,
        null,
        null,
        null,
        null
      ],
      "/home/lewis/Repositories/Makers_Week_2/oyster_card/spec/station_spec.rb": [
        1,
        null,
        1,
        null,
        1,
        2,
        null,
        null,
        null
      ],
      "/home/lewis/Repositories/Makers_Week_2/oyster_card/lib/station.rb": [
        1,
        null
      ]
    },
    "timestamp": 1509385365
  }
}
